%(asctime)s-%(levelname)s-%(message)s[ %(lineno)d : %(filename)s]
%(asctime)s-%(levelname)s-%(message)s[ %(lineno)d : %(filename)s]
%(asctime)s-%(levelname)s-%(message)s[ %(lineno)d : %(filename)s]
%(asctime)s-%(levelname)s-%(message)s[ %(lineno)d : %(filename)s]
%(asctime)s-%(levelname)s-%(message)s[ %(lineno)d : %(filename)s]
%(asctime)s-%(levelname)s-%(message)s[ %(lineno)d : %(filename)s]
%(asctime)s-%(levelname)s-%(message)s[ %(lineno)d : %(filename)s]
%(asctime)s-%(levelname)s-%(message)s[ %(lineno)d : %(filename)s]
%(asctime)s-%(levelname)s-%(message)s[ %(lineno)d : %(filename)s]
%(asctime)s-%(levelname)s-%(message)s[ %(lineno)d : %(filename)s]
%(asctime)s-%(levelname)s-%(message)s[ %(lineno)d : %(filename)s]
%(asctime)s-%(levelname)s-%(message)s[ %(lineno)d : %(filename)s]
%(asctime)s-%(levelname)s-%(message)s[ %(lineno)d : %(filename)s]
%(asctime)s-%(levelname)s-%(message)s[ %(lineno)d : %(filename)s]
%(asctime)s-%(levelname)s-%(message)s[ %(lineno)d : %(filename)s]
%(asctime)s-%(levelname)s-%(message)s[ %(lineno)d : %(filename)s]
%(asctime)s-%(levelname)s-%(message)s[ %(lineno)d : %(filename)s]
%(asctime)s-%(levelname)s-%(message)s[ %(lineno)d : %(filename)s]
%(asctime)s-%(levelname)s-%(message)s[ %(lineno)d : %(filename)s]
%(asctime)s-%(levelname)s-%(message)s[ %(lineno)d : %(filename)s]
%(asctime)s-%(levelname)s-%(message)s[ %(lineno)d : %(filename)s]
%(asctime)s-%(levelname)s-%(message)s[ %(lineno)d : %(filename)s]
2019-06-12 22:41:10,890-INFO-全局cookiesNone[ 37 : logger.py]
2019-06-12 22:41:10,893-INFO-********************[ 37 : logger.py]
2019-06-12 22:41:10,893-INFO-正在执行第1条测试用例，标题是正常登录[ 37 : logger.py]
2019-06-12 22:41:11,027-INFO-全局cookies<RequestsCookieJar[<Cookie JSESSIONID=B94C15D7428BD2FB03548E8FEC8FAC81 for test.lemonban.com/futureloan>]>[ 37 : logger.py]
2019-06-12 22:41:11,027-INFO-********************[ 37 : logger.py]
2019-06-12 22:41:11,027-INFO-正在执行第2条测试用例，标题是加标[ 37 : logger.py]
2019-06-12 22:41:11,120-INFO-标的id[ 37 : logger.py]
2019-06-12 22:41:11,122-INFO-全局cookies<RequestsCookieJar[<Cookie JSESSIONID=B94C15D7428BD2FB03548E8FEC8FAC81 for test.lemonban.com/futureloan>]>[ 37 : logger.py]
2019-06-12 22:41:11,123-INFO-********************[ 37 : logger.py]
2019-06-12 22:41:11,124-INFO-正在执行第3条测试用例，标题是审核[ 37 : logger.py]
2019-06-12 22:41:11,208-INFO-全局cookies<RequestsCookieJar[<Cookie JSESSIONID=B94C15D7428BD2FB03548E8FEC8FAC81 for test.lemonban.com/futureloan>]>[ 37 : logger.py]
2019-06-12 22:41:11,209-INFO-********************[ 37 : logger.py]
2019-06-12 22:41:11,209-INFO-正在执行第4条测试用例，标题是投资人登陆[ 37 : logger.py]
2019-06-12 22:41:11,322-INFO-全局cookies<RequestsCookieJar[<Cookie JSESSIONID=B94C15D7428BD2FB03548E8FEC8FAC81 for test.lemonban.com/futureloan>]>[ 37 : logger.py]
2019-06-12 22:41:11,322-INFO-********************[ 37 : logger.py]
2019-06-12 22:41:11,322-INFO-正在执行第5条测试用例，标题是投资人正常投资[ 37 : logger.py]
2019-06-12 22:41:11,409-INFO-全局cookies<RequestsCookieJar[<Cookie JSESSIONID=B94C15D7428BD2FB03548E8FEC8FAC81 for test.lemonban.com/futureloan>]>[ 37 : logger.py]
2019-06-12 22:41:11,410-INFO-********************[ 37 : logger.py]
2019-06-12 22:41:11,410-INFO-正在执行第6条测试用例，标题是投资人投资不输入金额[ 37 : logger.py]
2019-06-12 22:41:11,470-INFO-全局cookies<RequestsCookieJar[<Cookie JSESSIONID=B94C15D7428BD2FB03548E8FEC8FAC81 for test.lemonban.com/futureloan>]>[ 37 : logger.py]
2019-06-12 22:41:11,471-INFO-********************[ 37 : logger.py]
2019-06-12 22:41:11,471-INFO-正在执行第7条测试用例，标题是投资人投资输入负数[ 37 : logger.py]
2019-06-12 22:42:59,964-INFO-全局cookiesNone[ 37 : logger.py]
2019-06-12 22:42:59,964-INFO-现在运行的测试用例正常登陆[ 37 : logger.py]
2019-06-12 22:43:00,050-INFO-全局cookies<RequestsCookieJar[<Cookie JSESSIONID=436BD8D26E9468C8E77EE55DF69FB37C for test.lemonban.com/futureloan>]>[ 37 : logger.py]
2019-06-12 22:43:00,125-INFO-现在运行的测试用例正常充值[ 37 : logger.py]
2019-06-12 22:43:00,396-INFO-全局cookies<RequestsCookieJar[<Cookie JSESSIONID=436BD8D26E9468C8E77EE55DF69FB37C for test.lemonban.com/futureloan>]>[ 37 : logger.py]
2019-06-12 22:43:00,396-INFO-现在运行的测试用例充值手机格式错误[ 37 : logger.py]
2019-06-12 22:43:00,423-INFO-全局cookies<RequestsCookieJar[<Cookie JSESSIONID=436BD8D26E9468C8E77EE55DF69FB37C for test.lemonban.com/futureloan>]>[ 37 : logger.py]
2019-06-12 22:43:00,423-INFO-现在运行的测试用例充值金额小数点大于两位[ 37 : logger.py]
2019-06-12 22:43:00,449-INFO-全局cookies<RequestsCookieJar[<Cookie JSESSIONID=436BD8D26E9468C8E77EE55DF69FB37C for test.lemonban.com/futureloan>]>[ 37 : logger.py]
2019-06-12 22:43:00,450-INFO-现在运行的测试用例输入负数[ 37 : logger.py]
2019-06-12 22:45:17,364-INFO-现在运行的测试用例正常登陆[ 37 : logger.py]
2019-06-12 22:45:17,484-INFO-现在运行的测试用例正常充值[ 37 : logger.py]
2019-06-12 22:45:17,527-INFO-现在运行的测试用例充值手机格式错误[ 37 : logger.py]
2019-06-12 22:45:17,568-INFO-现在运行的测试用例充值金额小数点大于两位[ 37 : logger.py]
2019-06-12 22:45:17,610-INFO-现在运行的测试用例输入负数[ 37 : logger.py]
2019-06-12 22:46:13,104-INFO-现在运行的测试用例正常登陆[ 37 : logger.py]
2019-06-12 22:46:13,239-INFO-现在运行的测试用例正常充值[ 37 : logger.py]
2019-06-12 22:46:13,308-WARNING-断言失败 :: "leaveamount" != {"status":0,"code":null,"data":null,"msg":"抱歉，请先登录。"}[ 46 : logger.py]
2019-06-12 22:46:13,313-INFO-现在运行的测试用例充值手机格式错误[ 37 : logger.py]
2019-06-12 22:46:13,379-WARNING-断言失败 :: {"status":0,"code":"20109","data":null,"msg":"手机格式不正确"} != {"status":0,"code":null,"data":null,"msg":"抱歉，请先登录。"}[ 46 : logger.py]
2019-06-12 22:46:13,382-INFO-现在运行的测试用例充值金额小数点大于两位[ 37 : logger.py]
2019-06-12 22:46:13,449-WARNING-断言失败 :: {"status":0,"code":"20116","data":null,"msg":"输入金额的金额小数不能超过两位"} != {"status":0,"code":null,"data":null,"msg":"抱歉，请先登录。"}[ 46 : logger.py]
2019-06-12 22:46:13,451-INFO-现在运行的测试用例输入负数[ 37 : logger.py]
2019-06-12 22:46:13,523-WARNING-断言失败 :: {"status":0,"code":"20117","data":null,"msg":"请输入范围在 0 到 50 万之间的正数金额"} != {"status":0,"code":null,"data":null,"msg":"抱歉，请先登录。"}[ 46 : logger.py]
2019-06-12 22:48:30,402-INFO-现在运行的测试用例密码为空，注册失败[ 37 : logger.py]
2019-06-12 22:48:30,467-INFO-现在运行的测试用例手机号码为空，注册失败[ 37 : logger.py]
2019-06-12 22:48:30,527-INFO-现在运行的测试用例重复注册[ 37 : logger.py]
2019-06-12 22:49:12,722-INFO-现在运行的测试用例注册成功[ 37 : logger.py]
2019-06-12 22:49:12,881-WARNING-断言失败 :: {"status":1,"code":"10001","data":null,"msg":"注册成功"} != {"status":0,"code":"20110","data":null,"msg":"手机号码已被注册"}[ 46 : logger.py]
2019-06-12 22:49:12,884-INFO-现在运行的测试用例密码为空，注册失败[ 37 : logger.py]
2019-06-12 22:49:12,956-INFO-现在运行的测试用例手机号码为空，注册失败[ 37 : logger.py]
2019-06-12 22:49:13,022-INFO-现在运行的测试用例重复注册[ 37 : logger.py]
2019-06-12 22:50:21,591-INFO-现在运行的测试用例注册成功[ 37 : logger.py]
2019-06-12 22:50:21,825-INFO-现在运行的测试用例密码为空，注册失败[ 37 : logger.py]
2019-06-12 22:50:21,883-INFO-现在运行的测试用例手机号码为空，注册失败[ 37 : logger.py]
2019-06-12 22:50:21,959-INFO-现在运行的测试用例重复注册[ 37 : logger.py]
2019-06-12 22:51:14,782-INFO-正在执行第1条测试用例，标题是正常登录[ 37 : logger.py]
2019-06-12 22:51:14,906-INFO-正在执行第2条测试用例，标题是输入错误的密码[ 37 : logger.py]
2019-06-12 22:51:15,026-INFO-正在执行第3条测试用例，标题是不输入密码[ 37 : logger.py]
2019-06-12 22:51:15,088-INFO-正在执行第4条测试用例，标题是不输入手机号码[ 37 : logger.py]
2019-06-12 23:01:30,343-INFO-全局cookiesNone[ 37 : logger.py]
2019-06-12 23:01:30,344-INFO-********************[ 37 : logger.py]
2019-06-12 23:01:30,345-INFO-正在执行第1条测试用例，标题是正常登录[ 37 : logger.py]
2019-06-12 23:01:30,535-INFO-全局cookies<RequestsCookieJar[<Cookie JSESSIONID=8F5F393C798295653AE84EA37E669B49 for test.lemonban.com/futureloan>]>[ 37 : logger.py]
2019-06-12 23:01:30,536-INFO-********************[ 37 : logger.py]
2019-06-12 23:01:30,536-INFO-正在执行第2条测试用例，标题是加标[ 37 : logger.py]
2019-06-12 23:01:30,652-INFO-标的id[ 37 : logger.py]
2019-06-12 23:01:30,652-INFO-全局cookies<RequestsCookieJar[<Cookie JSESSIONID=8F5F393C798295653AE84EA37E669B49 for test.lemonban.com/futureloan>]>[ 37 : logger.py]
2019-06-12 23:01:30,652-INFO-********************[ 37 : logger.py]
2019-06-12 23:01:30,653-INFO-正在执行第3条测试用例，标题是审核[ 37 : logger.py]
2019-06-12 23:01:30,725-INFO-全局cookies<RequestsCookieJar[<Cookie JSESSIONID=8F5F393C798295653AE84EA37E669B49 for test.lemonban.com/futureloan>]>[ 37 : logger.py]
2019-06-12 23:01:30,725-INFO-********************[ 37 : logger.py]
2019-06-12 23:01:30,725-INFO-正在执行第4条测试用例，标题是投资人登陆[ 37 : logger.py]
2019-06-12 23:01:30,828-INFO-全局cookies<RequestsCookieJar[<Cookie JSESSIONID=8F5F393C798295653AE84EA37E669B49 for test.lemonban.com/futureloan>]>[ 37 : logger.py]
2019-06-12 23:01:30,828-INFO-********************[ 37 : logger.py]
2019-06-12 23:01:30,828-INFO-正在执行第5条测试用例，标题是投资人正常投资[ 37 : logger.py]
2019-06-12 23:01:30,909-INFO-全局cookies<RequestsCookieJar[<Cookie JSESSIONID=8F5F393C798295653AE84EA37E669B49 for test.lemonban.com/futureloan>]>[ 37 : logger.py]
2019-06-12 23:01:30,909-INFO-********************[ 37 : logger.py]
2019-06-12 23:01:30,909-INFO-正在执行第6条测试用例，标题是投资人投资不输入金额[ 37 : logger.py]
2019-06-12 23:01:30,974-INFO-全局cookies<RequestsCookieJar[<Cookie JSESSIONID=8F5F393C798295653AE84EA37E669B49 for test.lemonban.com/futureloan>]>[ 37 : logger.py]
2019-06-12 23:01:30,975-INFO-********************[ 37 : logger.py]
2019-06-12 23:01:30,975-INFO-正在执行第7条测试用例，标题是投资人投资输入负数[ 37 : logger.py]
2019-06-12 23:01:31,030-INFO-正在执行第1条测试用例，标题是正常登录[ 37 : logger.py]
2019-06-12 23:01:31,162-INFO-正在执行第2条测试用例，标题是输入错误的密码[ 37 : logger.py]
2019-06-12 23:01:31,274-INFO-正在执行第3条测试用例，标题是不输入密码[ 37 : logger.py]
2019-06-12 23:01:31,332-INFO-正在执行第4条测试用例，标题是不输入手机号码[ 37 : logger.py]
2019-06-12 23:01:32,399-INFO-全局cookiesNone[ 37 : logger.py]
2019-06-12 23:01:32,400-INFO-现在运行的测试用例正常登陆[ 37 : logger.py]
2019-06-12 23:01:32,466-INFO-全局cookies<RequestsCookieJar[<Cookie JSESSIONID=CFC8C9D480C9620F9BACE09C9262C72F for test.lemonban.com/futureloan>]>[ 37 : logger.py]
2019-06-12 23:01:32,519-INFO-现在运行的测试用例正常充值[ 37 : logger.py]
2019-06-12 23:01:32,827-INFO-全局cookies<RequestsCookieJar[<Cookie JSESSIONID=CFC8C9D480C9620F9BACE09C9262C72F for test.lemonban.com/futureloan>]>[ 37 : logger.py]
2019-06-12 23:01:32,827-INFO-现在运行的测试用例充值手机格式错误[ 37 : logger.py]
2019-06-12 23:01:32,849-INFO-全局cookies<RequestsCookieJar[<Cookie JSESSIONID=CFC8C9D480C9620F9BACE09C9262C72F for test.lemonban.com/futureloan>]>[ 37 : logger.py]
2019-06-12 23:01:32,849-INFO-现在运行的测试用例充值金额小数点大于两位[ 37 : logger.py]
2019-06-12 23:01:32,873-INFO-全局cookies<RequestsCookieJar[<Cookie JSESSIONID=CFC8C9D480C9620F9BACE09C9262C72F for test.lemonban.com/futureloan>]>[ 37 : logger.py]
2019-06-12 23:01:32,873-INFO-现在运行的测试用例输入负数[ 37 : logger.py]
2019-06-12 23:01:34,045-INFO-现在运行的测试用例注册成功[ 37 : logger.py]
2019-06-12 23:01:34,301-INFO-现在运行的测试用例密码为空，注册失败[ 37 : logger.py]
2019-06-12 23:01:34,358-INFO-现在运行的测试用例手机号码为空，注册失败[ 37 : logger.py]
2019-06-12 23:01:34,419-INFO-现在运行的测试用例重复注册[ 37 : logger.py]
